2017-09-30 05:38:50.598  INFO 6660 --- [main] com.iss.reporting.IssServiceApplication  : Starting IssServiceApplication on josh-pc with PID 6660 (F:\Softwares\sts-workspace\IssService\bin started by Rajasundar in F:\Softwares\sts-workspace\IssService)
2017-09-30 05:38:50.598  INFO 6660 --- [main] com.iss.reporting.IssServiceApplication  : No active profile set, falling back to default profiles: default
2017-09-30 05:38:50.692  INFO 6660 --- [main] ationConfigEmbeddedWebApplicationContext : Refreshing org.springframework.boot.context.embedded.AnnotationConfigEmbeddedWebApplicationContext@5c909414: startup date [Sat Sep 30 05:38:50 IST 2017]; root of context hierarchy
2017-09-30 05:38:51.829  INFO 6660 --- [main] o.s.b.f.s.DefaultListableBeanFactory     : Overriding bean definition for bean 'characterEncodingFilter' with a different definition: replacing [Root bean: class [null]; scope=; abstract=false; lazyInit=false; autowireMode=3; dependencyCheck=0; autowireCandidate=true; primary=false; factoryBeanName=rootSpringSecurityConfig; factoryMethodName=characterEncodingFilter; initMethodName=null; destroyMethodName=(inferred); defined in class path resource [com/iss/reporting/config/RootSpringSecurityConfig.class]] with [Root bean: class [null]; scope=; abstract=false; lazyInit=false; autowireMode=3; dependencyCheck=0; autowireCandidate=true; primary=false; factoryBeanName=org.springframework.boot.autoconfigure.web.HttpEncodingAutoConfiguration; factoryMethodName=characterEncodingFilter; initMethodName=null; destroyMethodName=(inferred); defined in class path resource [org/springframework/boot/autoconfigure/web/HttpEncodingAutoConfiguration.class]]
2017-09-30 05:38:52.833  INFO 6660 --- [main] s.b.c.e.t.TomcatEmbeddedServletContainer : Tomcat initialized with port(s): 8070 (http)
2017-09-30 05:38:52.836  INFO 6660 --- [main] o.apache.catalina.core.StandardService   : Starting service [Tomcat]
2017-09-30 05:38:52.851  INFO 6660 --- [main] org.apache.catalina.core.StandardEngine  : Starting Servlet Engine: Apache Tomcat/8.5.20
2017-09-30 05:38:53.039  INFO 6660 --- [localhost-startStop-1] o.a.c.c.C.[Tomcat].[localhost].[/]       : Initializing Spring embedded WebApplicationContext
2017-09-30 05:38:53.039  INFO 6660 --- [localhost-startStop-1] o.s.web.context.ContextLoader            : Root WebApplicationContext: initialization completed in 2363 ms
2017-09-30 05:38:53.351  INFO 6660 --- [localhost-startStop-1] o.s.b.w.servlet.FilterRegistrationBean   : Mapping filter: 'characterEncodingFilter' to: [/*]
2017-09-30 05:38:53.367  INFO 6660 --- [localhost-startStop-1] o.s.b.w.servlet.FilterRegistrationBean   : Mapping filter: 'hiddenHttpMethodFilter' to: [/*]
2017-09-30 05:38:53.367  INFO 6660 --- [localhost-startStop-1] o.s.b.w.servlet.FilterRegistrationBean   : Mapping filter: 'httpPutFormContentFilter' to: [/*]
2017-09-30 05:38:53.367  INFO 6660 --- [localhost-startStop-1] o.s.b.w.servlet.FilterRegistrationBean   : Mapping filter: 'requestContextFilter' to: [/*]
2017-09-30 05:38:53.367  INFO 6660 --- [localhost-startStop-1] .s.DelegatingFilterProxyRegistrationBean : Mapping filter: 'springSecurityFilterChain' to: [/*]
2017-09-30 05:38:53.367  INFO 6660 --- [localhost-startStop-1] o.s.b.w.servlet.FilterRegistrationBean   : Mapping filter: 'CORSFilter' to: [/*]
2017-09-30 05:38:53.367  INFO 6660 --- [localhost-startStop-1] o.s.b.w.servlet.ServletRegistrationBean  : Mapping servlet: 'dispatcherServlet' to [/*]
2017-09-30 05:38:53.367  INFO 6660 --- [localhost-startStop-1] o.s.b.w.servlet.ServletRegistrationBean  : Mapping servlet: 'webServlet' to [/h2/*]
2017-09-30 05:38:54.004  INFO 6660 --- [main] o.s.jdbc.datasource.init.ScriptUtils     : Executing SQL script from URL [file:/F:/Softwares/sts-workspace/IssService/bin/schema.sql]
2017-09-30 05:38:54.029  INFO 6660 --- [main] o.s.jdbc.datasource.init.ScriptUtils     : Executed SQL script from URL [file:/F:/Softwares/sts-workspace/IssService/bin/schema.sql] in 25 ms.
2017-09-30 05:38:54.029  INFO 6660 --- [main] o.s.jdbc.datasource.init.ScriptUtils     : Executing SQL script from URL [file:/F:/Softwares/sts-workspace/IssService/bin/data.sql]
2017-09-30 05:38:54.029  INFO 6660 --- [main] o.s.jdbc.datasource.init.ScriptUtils     : Executed SQL script from URL [file:/F:/Softwares/sts-workspace/IssService/bin/data.sql] in 0 ms.
2017-09-30 05:38:54.185  INFO 6660 --- [main] j.LocalContainerEntityManagerFactoryBean : Building JPA container EntityManagerFactory for persistence unit 'default'
2017-09-30 05:38:54.217  INFO 6660 --- [main] o.hibernate.jpa.internal.util.LogHelper  : HHH000204: Processing PersistenceUnitInfo [
	name: default
	...]
2017-09-30 05:38:54.435  INFO 6660 --- [main] org.hibernate.Version                    : HHH000412: Hibernate Core {5.0.12.Final}
2017-09-30 05:38:54.451  INFO 6660 --- [main] org.hibernate.cfg.Environment            : HHH000206: hibernate.properties not found
2017-09-30 05:38:54.451  INFO 6660 --- [main] org.hibernate.cfg.Environment            : HHH000021: Bytecode provider name : javassist
2017-09-30 05:38:54.482  INFO 6660 --- [main] o.hibernate.annotations.common.Version   : HCANN000001: Hibernate Commons Annotations {5.0.1.Final}
2017-09-30 05:38:54.639  INFO 6660 --- [main] org.hibernate.dialect.Dialect            : HHH000400: Using dialect: org.hibernate.dialect.H2Dialect
2017-09-30 05:38:55.082  INFO 6660 --- [main] j.LocalContainerEntityManagerFactoryBean : Initialized JPA EntityManagerFactory for persistence unit 'default'
2017-09-30 05:38:56.145  INFO 6660 --- [main] s.w.s.m.m.a.RequestMappingHandlerAdapter : Looking for @ControllerAdvice: org.springframework.boot.context.embedded.AnnotationConfigEmbeddedWebApplicationContext@5c909414: startup date [Sat Sep 30 05:38:50 IST 2017]; root of context hierarchy
2017-09-30 05:38:56.255  INFO 6660 --- [main] s.w.s.m.m.a.RequestMappingHandlerMapping : Mapped "{[/error]}" onto public org.springframework.http.ResponseEntity<java.util.Map<java.lang.String, java.lang.Object>> org.springframework.boot.autoconfigure.web.BasicErrorController.error(javax.servlet.http.HttpServletRequest)
2017-09-30 05:38:56.255  INFO 6660 --- [main] s.w.s.m.m.a.RequestMappingHandlerMapping : Mapped "{[/error],produces=[text/html]}" onto public org.springframework.web.servlet.ModelAndView org.springframework.boot.autoconfigure.web.BasicErrorController.errorHtml(javax.servlet.http.HttpServletRequest,javax.servlet.http.HttpServletResponse)
2017-09-30 05:38:56.318  INFO 6660 --- [main] o.s.w.s.handler.SimpleUrlHandlerMapping  : Mapped URL path [/webjars/**] onto handler of type [class org.springframework.web.servlet.resource.ResourceHttpRequestHandler]
2017-09-30 05:38:56.318  INFO 6660 --- [main] o.s.w.s.handler.SimpleUrlHandlerMapping  : Mapped URL path [/**] onto handler of type [class org.springframework.web.servlet.resource.ResourceHttpRequestHandler]
2017-09-30 05:38:56.380  INFO 6660 --- [main] o.s.w.s.handler.SimpleUrlHandlerMapping  : Mapped URL path [/**/favicon.ico] onto handler of type [class org.springframework.web.servlet.resource.ResourceHttpRequestHandler]
2017-09-30 05:38:56.737  INFO 6660 --- [main] o.s.s.web.DefaultSecurityFilterChain     : Creating filter chain: OrRequestMatcher [requestMatchers=[Ant [pattern='/css/**'], Ant [pattern='/js/**'], Ant [pattern='/images/**'], Ant [pattern='/webjars/**'], Ant [pattern='/**/favicon.ico'], Ant [pattern='/error']]], []
2017-09-30 05:38:56.737  INFO 6660 --- [main] o.s.s.web.DefaultSecurityFilterChain     : Creating filter chain: Ant [pattern='/h2'], []
2017-09-30 05:38:56.768  INFO 6660 --- [main] o.s.s.web.DefaultSecurityFilterChain     : Creating filter chain: org.springframework.security.web.util.matcher.AnyRequestMatcher@1, [com.iss.reporting.security.StatelessLoginFilter@4c2c44e8, com.iss.reporting.security.StatelessAuthenticationFilter@7103745, org.springframework.security.web.session.SessionManagementFilter@3a5e2525, org.springframework.security.web.access.intercept.FilterSecurityInterceptor@61ab6521]
2017-09-30 05:38:56.828  INFO 6660 --- [main] o.s.s.web.DefaultSecurityFilterChain     : Creating filter chain: org.springframework.boot.autoconfigure.security.SpringBootWebSecurityConfiguration$ApplicationNoWebSecurityConfigurerAdapter$1@36df4c26, [org.springframework.security.web.context.request.async.WebAsyncManagerIntegrationFilter@76828577, org.springframework.security.web.context.SecurityContextPersistenceFilter@356b6b5d, org.springframework.security.web.header.HeaderWriterFilter@11d2714a, org.springframework.security.web.csrf.CsrfFilter@c758a2d, org.springframework.security.web.authentication.logout.LogoutFilter@62058742, org.springframework.security.web.savedrequest.RequestCacheAwareFilter@1187dc82, org.springframework.security.web.servletapi.SecurityContextHolderAwareRequestFilter@25d911a, org.springframework.security.web.authentication.AnonymousAuthenticationFilter@38732372, org.springframework.security.web.session.SessionManagementFilter@2c8a445b, org.springframework.security.web.access.ExceptionTranslationFilter@892af0e]
2017-09-30 05:38:57.035  INFO 6660 --- [main] o.s.j.e.a.AnnotationMBeanExporter        : Registering beans for JMX exposure on startup
2017-09-30 05:38:57.098  INFO 6660 --- [main] s.b.c.e.t.TomcatEmbeddedServletContainer : Tomcat started on port(s): 8070 (http)
2017-09-30 05:38:57.114  INFO 6660 --- [main] com.iss.reporting.IssServiceApplication  : Started IssServiceApplication in 6.829 seconds (JVM running for 7.489)
2017-09-30 05:39:08.607  INFO 6660 --- [http-nio-0.0.0.0-8070-exec-1] o.a.c.c.C.[Tomcat].[localhost].[/]       : Initializing Spring FrameworkServlet 'dispatcherServlet'
2017-09-30 05:39:08.608  INFO 6660 --- [http-nio-0.0.0.0-8070-exec-1] o.s.web.servlet.DispatcherServlet        : FrameworkServlet 'dispatcherServlet': initialization started
2017-09-30 05:39:08.637  INFO 6660 --- [http-nio-0.0.0.0-8070-exec-1] o.s.web.servlet.DispatcherServlet        : FrameworkServlet 'dispatcherServlet': initialization completed in 29 ms
2017-09-30 05:39:13.420  INFO 6660 --- [http-nio-0.0.0.0-8070-exec-3] o.h.h.i.QueryTranslatorFactoryInitiator  : HHH000397: Using ASTQueryTranslatorFactory
